app/build/outputs/logs/manifest-merger-debug-report.txt
-- Merging decision tree log ---
manifest
ADDED from TrailAndroidApps\app\AndroidManifest.xml:3:1-37:12
	package
		ADDED from TrailAndroidApps\app\AndroidManifest.xml:4:2-31
	android:versionName
		ADDED from TrailAndroidApps\app\AndroidManifest.xml:6:2-27
		INJECTED from TrailAndroidApps\app\AndroidManifest.xml
		INJECTED from TrailAndroidApps\app\AndroidManifest.xml
	android:versionCode
		ADDED from TrailAndroidApps\app\AndroidManifest.xml:5:2-25
		INJECTED from TrailAndroidApps\app\AndroidManifest.xml
		INJECTED from TrailAndroidApps\app\AndroidManifest.xml
	xmlns:android
		ADDED from TrailAndroidApps\app\AndroidManifest.xml:3:11-69
	android:installLocation
		ADDED from TrailAndroidApps\app\AndroidManifest.xml:7:2-40
application
ADDED from TrailAndroidApps\app\AndroidManifest.xml:9:2-23:16
MERGED from [com.salesforce.mobilesdk:SmartSync:5.0.1] AndroidManifest.xml:11:5-20
MERGED from [com.salesforce.mobilesdk:SmartStore:5.0.1] AndroidManifest.xml:11:5-15:19
MERGED from [com.salesforce.mobilesdk:SalesforceSDK:5.0.1] AndroidManifest.xml:22:5-105:19
MERGED from [com.salesforce.mobilesdk:SalesforceAnalytics:5.0.1] AndroidManifest.xml:14:5-20
	android:label
		ADDED from TrailAndroidApps\app\AndroidManifest.xml:10:6-38
	android:manageSpaceActivity
		ADDED from TrailAndroidApps\app\AndroidManifest.xml:12:3-81
	android:icon
		ADDED from TrailAndroidApps\app\AndroidManifest.xml:9:15-48
	android:name
		ADDED from TrailAndroidApps\app\AndroidManifest.xml:11:3-34
activity#com.mytrail.android.MainActivity
ADDED from TrailAndroidApps\app\AndroidManifest.xml:15:3-22:14
	android:label
		ADDED from TrailAndroidApps\app\AndroidManifest.xml:16:7-39
	android:theme
		ADDED from TrailAndroidApps\app\AndroidManifest.xml:17:4-62
	android:name
		ADDED from TrailAndroidApps\app\AndroidManifest.xml:15:13-41
intent-filter#android.intent.action.MAIN+android.intent.category.LAUNCHER
ADDED from TrailAndroidApps\app\AndroidManifest.xml:18:4-21:20
action#android.intent.action.MAIN
ADDED from TrailAndroidApps\app\AndroidManifest.xml:19:5-57
	android:name
		ADDED from TrailAndroidApps\app\AndroidManifest.xml:19:13-54
category#android.intent.category.LAUNCHER
ADDED from TrailAndroidApps\app\AndroidManifest.xml:20:5-65
	android:name
		ADDED from TrailAndroidApps\app\AndroidManifest.xml:20:15-62
uses-sdk
ADDED from TrailAndroidApps\app\AndroidManifest.xml:25:5-26:41
MERGED from [com.salesforce.mobilesdk:SmartSync:5.0.1] AndroidManifest.xml:7:5-9:41
MERGED from [com.salesforce.mobilesdk:SmartStore:5.0.1] AndroidManifest.xml:7:5-9:41
MERGED from [com.salesforce.mobilesdk:SalesforceSDK:5.0.1] AndroidManifest.xml:7:5-9:41
MERGED from [com.salesforce.mobilesdk:SalesforceAnalytics:5.0.1] AndroidManifest.xml:7:5-9:41
MERGED from [net.zetetic:android-database-sqlcipher:3.5.2] AndroidManifest.xml:3:3-40
	android:targetSdkVersion
		ADDED from TrailAndroidApps\app\AndroidManifest.xml:26:9-38
	android:minSdkVersion
		ADDED from TrailAndroidApps\app\AndroidManifest.xml:25:15-41
permission#com.mytrail.android.C2D_MESSAGE
ADDED from TrailAndroidApps\app\AndroidManifest.xml:33:5-34:47
	android:protectionLevel
		ADDED from TrailAndroidApps\app\AndroidManifest.xml:34:9-44
	android:name
		ADDED from TrailAndroidApps\app\AndroidManifest.xml:33:17-63
uses-permission#com.mytrail.android.C2D_MESSAGE
ADDED from TrailAndroidApps\app\AndroidManifest.xml:36:5-71
	android:name
		ADDED from TrailAndroidApps\app\AndroidManifest.xml:36:22-68
activity#com.salesforce.androidsdk.smartstore.ui.SmartStoreInspectorActivity
ADDED from [com.salesforce.mobilesdk:SmartStore:5.0.1] AndroidManifest.xml:14:9-104
	android:name
		ADDED from [com.salesforce.mobilesdk:SmartStore:5.0.1] AndroidManifest.xml:14:19-101
uses-permission#android.permission.AUTHENTICATE_ACCOUNTS
ADDED from [com.salesforce.mobilesdk:SalesforceSDK:5.0.1] AndroidManifest.xml:11:5-80
	android:name
		ADDED from [com.salesforce.mobilesdk:SalesforceSDK:5.0.1] AndroidManifest.xml:11:22-77
uses-permission#android.permission.GET_ACCOUNTS
ADDED from [com.salesforce.mobilesdk:SalesforceSDK:5.0.1] AndroidManifest.xml:12:5-71
	android:name
		ADDED from [com.salesforce.mobilesdk:SalesforceSDK:5.0.1] AndroidManifest.xml:12:22-68
uses-permission#android.permission.MANAGE_ACCOUNTS
ADDED from [com.salesforce.mobilesdk:SalesforceSDK:5.0.1] AndroidManifest.xml:13:5-74
	android:name
		ADDED from [com.salesforce.mobilesdk:SalesforceSDK:5.0.1] AndroidManifest.xml:13:22-71
uses-permission#android.permission.USE_CREDENTIALS
ADDED from [com.salesforce.mobilesdk:SalesforceSDK:5.0.1] AndroidManifest.xml:14:5-74
	android:name
		ADDED from [com.salesforce.mobilesdk:SalesforceSDK:5.0.1] AndroidManifest.xml:14:22-71
uses-permission#android.permission.WAKE_LOCK
ADDED from [com.salesforce.mobilesdk:SalesforceSDK:5.0.1] AndroidManifest.xml:15:5-68
	android:name
		ADDED from [com.salesforce.mobilesdk:SalesforceSDK:5.0.1] AndroidManifest.xml:15:22-65
uses-permission#android.permission.GET_TASKS
ADDED from [com.salesforce.mobilesdk:SalesforceSDK:5.0.1] AndroidManifest.xml:16:5-68
	android:name
		ADDED from [com.salesforce.mobilesdk:SalesforceSDK:5.0.1] AndroidManifest.xml:16:22-65
uses-permission#com.google.android.c2dm.permission.RECEIVE
ADDED from [com.salesforce.mobilesdk:SalesforceSDK:5.0.1] AndroidManifest.xml:17:5-82
	android:name
		ADDED from [com.salesforce.mobilesdk:SalesforceSDK:5.0.1] AndroidManifest.xml:17:22-79
uses-permission-sdk-23
ADDED from [com.salesforce.mobilesdk:SalesforceSDK:5.0.1] AndroidManifest.xml:20:5-81
	android:name
		ADDED from [com.salesforce.mobilesdk:SalesforceSDK:5.0.1] AndroidManifest.xml:20:29-78
meta-data#android.content.APP_RESTRICTIONS
ADDED from [com.salesforce.mobilesdk:SalesforceSDK:5.0.1] AndroidManifest.xml:25:9-27:56
	android:resource
		ADDED from [com.salesforce.mobilesdk:SalesforceSDK:5.0.1] AndroidManifest.xml:27:13-53
	android:name
		ADDED from [com.salesforce.mobilesdk:SalesforceSDK:5.0.1] AndroidManifest.xml:26:13-60
service#com.salesforce.androidsdk.auth.AuthenticatorService
ADDED from [com.salesforce.mobilesdk:SalesforceSDK:5.0.1] AndroidManifest.xml:30:9-40:19
	android:exported
		ADDED from [com.salesforce.mobilesdk:SalesforceSDK:5.0.1] AndroidManifest.xml:32:13-36
	android:name
		ADDED from [com.salesforce.mobilesdk:SalesforceSDK:5.0.1] AndroidManifest.xml:31:13-79
intent-filter#android.accounts.AccountAuthenticator
ADDED from [com.salesforce.mobilesdk:SalesforceSDK:5.0.1] AndroidManifest.xml:33:13-35:29
action#android.accounts.AccountAuthenticator
ADDED from [com.salesforce.mobilesdk:SalesforceSDK:5.0.1] AndroidManifest.xml:34:17-80
	android:name
		ADDED from [com.salesforce.mobilesdk:SalesforceSDK:5.0.1] AndroidManifest.xml:34:25-77
meta-data#android.accounts.AccountAuthenticator
ADDED from [com.salesforce.mobilesdk:SalesforceSDK:5.0.1] AndroidManifest.xml:37:13-39:57
	android:resource
		ADDED from [com.salesforce.mobilesdk:SalesforceSDK:5.0.1] AndroidManifest.xml:39:17-54
	android:name
		ADDED from [com.salesforce.mobilesdk:SalesforceSDK:5.0.1] AndroidManifest.xml:38:17-69
activity#com.salesforce.androidsdk.ui.LoginActivity
ADDED from [com.salesforce.mobilesdk:SalesforceSDK:5.0.1] AndroidManifest.xml:43:9-45:67
	android:theme
		ADDED from [com.salesforce.mobilesdk:SalesforceSDK:5.0.1] AndroidManifest.xml:45:13-64
	android:name
		ADDED from [com.salesforce.mobilesdk:SalesforceSDK:5.0.1] AndroidManifest.xml:44:13-70
activity#com.salesforce.androidsdk.ui.PasscodeActivity
ADDED from [com.salesforce.mobilesdk:SalesforceSDK:5.0.1] AndroidManifest.xml:48:9-50:67
	android:theme
		ADDED from [com.salesforce.mobilesdk:SalesforceSDK:5.0.1] AndroidManifest.xml:50:13-64
	android:name
		ADDED from [com.salesforce.mobilesdk:SalesforceSDK:5.0.1] AndroidManifest.xml:49:13-73
activity#com.salesforce.androidsdk.ui.ManageSpaceActivity
ADDED from [com.salesforce.mobilesdk:SalesforceSDK:5.0.1] AndroidManifest.xml:53:9-56:67
	android:excludeFromRecents
		ADDED from [com.salesforce.mobilesdk:SalesforceSDK:5.0.1] AndroidManifest.xml:55:13-46
	android:theme
		ADDED from [com.salesforce.mobilesdk:SalesforceSDK:5.0.1] AndroidManifest.xml:56:13-64
	android:name
		ADDED from [com.salesforce.mobilesdk:SalesforceSDK:5.0.1] AndroidManifest.xml:54:13-76
activity#com.salesforce.androidsdk.ui.ServerPickerActivity
ADDED from [com.salesforce.mobilesdk:SalesforceSDK:5.0.1] AndroidManifest.xml:59:9-62:67
	android:excludeFromRecents
		ADDED from [com.salesforce.mobilesdk:SalesforceSDK:5.0.1] AndroidManifest.xml:61:13-46
	android:theme
		ADDED from [com.salesforce.mobilesdk:SalesforceSDK:5.0.1] AndroidManifest.xml:62:13-64
	android:name
		ADDED from [com.salesforce.mobilesdk:SalesforceSDK:5.0.1] AndroidManifest.xml:60:13-77
activity#com.salesforce.androidsdk.ui.AccountSwitcherActivity
ADDED from [com.salesforce.mobilesdk:SalesforceSDK:5.0.1] AndroidManifest.xml:65:9-68:67
	android:excludeFromRecents
		ADDED from [com.salesforce.mobilesdk:SalesforceSDK:5.0.1] AndroidManifest.xml:67:13-46
	android:theme
		ADDED from [com.salesforce.mobilesdk:SalesforceSDK:5.0.1] AndroidManifest.xml:68:13-64
	android:name
		ADDED from [com.salesforce.mobilesdk:SalesforceSDK:5.0.1] AndroidManifest.xml:66:13-80
receiver#com.salesforce.androidsdk.push.PushBroadcastReceiver
ADDED from [com.salesforce.mobilesdk:SalesforceSDK:5.0.1] AndroidManifest.xml:74:9-88:20
	android:exported
		ADDED from [com.salesforce.mobilesdk:SalesforceSDK:5.0.1] AndroidManifest.xml:76:13-36
	android:permission
		ADDED from [com.salesforce.mobilesdk:SalesforceSDK:5.0.1] AndroidManifest.xml:77:13-73
	android:name
		ADDED from [com.salesforce.mobilesdk:SalesforceSDK:5.0.1] AndroidManifest.xml:75:13-80
intent-filter#${applicationId}+com.google.android.c2dm.intent.RECEIVE
ADDED from [com.salesforce.mobilesdk:SalesforceSDK:5.0.1] AndroidManifest.xml:78:13-82:29
action#com.google.android.c2dm.intent.RECEIVE
ADDED from [com.salesforce.mobilesdk:SalesforceSDK:5.0.1] AndroidManifest.xml:79:17-81
	android:name
		ADDED from [com.salesforce.mobilesdk:SalesforceSDK:5.0.1] AndroidManifest.xml:79:25-78
category#${applicationId}
ADDED from [com.salesforce.mobilesdk:SalesforceSDK:5.0.1] AndroidManifest.xml:81:17-61
	android:name
		ADDED from [com.salesforce.mobilesdk:SalesforceSDK:5.0.1] AndroidManifest.xml:81:27-58
		INJECTED from TrailAndroidApps\app\AndroidManifest.xml
		INJECTED from TrailAndroidApps\app\AndroidManifest.xml
intent-filter#${applicationId}+com.google.android.c2dm.intent.REGISTRATION
ADDED from [com.salesforce.mobilesdk:SalesforceSDK:5.0.1] AndroidManifest.xml:83:13-87:29
action#com.google.android.c2dm.intent.REGISTRATION
ADDED from [com.salesforce.mobilesdk:SalesforceSDK:5.0.1] AndroidManifest.xml:84:17-86
	android:name
		ADDED from [com.salesforce.mobilesdk:SalesforceSDK:5.0.1] AndroidManifest.xml:84:25-83
receiver#com.salesforce.androidsdk.push.PushService$RetryRegistrationAlarmReceiver
ADDED from [com.salesforce.mobilesdk:SalesforceSDK:5.0.1] AndroidManifest.xml:89:9-91:40
	android:exported
		ADDED from [com.salesforce.mobilesdk:SalesforceSDK:5.0.1] AndroidManifest.xml:91:13-37
	android:name
		ADDED from [com.salesforce.mobilesdk:SalesforceSDK:5.0.1] AndroidManifest.xml:90:13-101
receiver#com.salesforce.androidsdk.push.PushService$SFDCRegistrationRetryAlarmReceiver
ADDED from [com.salesforce.mobilesdk:SalesforceSDK:5.0.1] AndroidManifest.xml:92:9-94:40
	android:exported
		ADDED from [com.salesforce.mobilesdk:SalesforceSDK:5.0.1] AndroidManifest.xml:94:13-37
	android:name
		ADDED from [com.salesforce.mobilesdk:SalesforceSDK:5.0.1] AndroidManifest.xml:93:13-105
receiver#com.salesforce.androidsdk.push.PushService$UnregisterRetryAlarmReceiver
ADDED from [com.salesforce.mobilesdk:SalesforceSDK:5.0.1] AndroidManifest.xml:95:9-97:40
	android:exported
		ADDED from [com.salesforce.mobilesdk:SalesforceSDK:5.0.1] AndroidManifest.xml:97:13-37
	android:name
		ADDED from [com.salesforce.mobilesdk:SalesforceSDK:5.0.1] AndroidManifest.xml:96:13-99
service#com.salesforce.androidsdk.push.PushService
ADDED from [com.salesforce.mobilesdk:SalesforceSDK:5.0.1] AndroidManifest.xml:99:9-101:40
	android:exported
		ADDED from [com.salesforce.mobilesdk:SalesforceSDK:5.0.1] AndroidManifest.xml:101:13-37
	android:name
		ADDED from [com.salesforce.mobilesdk:SalesforceSDK:5.0.1] AndroidManifest.xml:100:13-70
service#com.salesforce.androidsdk.analytics.AnalyticsPublisherService
ADDED from [com.salesforce.mobilesdk:SalesforceSDK:5.0.1] AndroidManifest.xml:102:9-104:40
	android:exported
		ADDED from [com.salesforce.mobilesdk:SalesforceSDK:5.0.1] AndroidManifest.xml:104:13-37
	android:name
		ADDED from [com.salesforce.mobilesdk:SalesforceSDK:5.0.1] AndroidManifest.xml:103:13-89
uses-permission#android.permission.INTERNET
ADDED from [com.salesforce.mobilesdk:SalesforceAnalytics:5.0.1] AndroidManifest.xml:11:5-67
	android:name
		ADDED from [com.salesforce.mobilesdk:SalesforceAnalytics:5.0.1] AndroidManifest.xml:11:22-64
uses-permission#android.permission.ACCESS_NETWORK_STATE
ADDED from [com.salesforce.mobilesdk:SalesforceAnalytics:5.0.1] AndroidManifest.xml:12:5-79
	android:name
		ADDED from [com.salesforce.mobilesdk:SalesforceAnalytics:5.0.1] AndroidManifest.xml:12:22-76